<?xml version="1.0" encoding="UTF-8"?>
<!-- Generated by org.testng.reporters.JUnitReportReporter -->
<testsuite hostname="kyuukones-MBP" failures="0" tests="1" name="com.mystore.testcases.EndtoEndTest" time="90.673" errors="0" timestamp="2022-06-23T22:23:46 CEST" skipped="0">
  <testcase classname="com.mystore.testcases.EndtoEndTest" name="endToEndTest" time="90.673"/>
  <system-out/>
</testsuite> <!-- com.mystore.testcases.EndtoEndTest -->
