<?xml version="1.0" encoding="UTF-8"?>
<!-- Generated by org.testng.reporters.JUnitReportReporter -->
<testsuite hostname="kyuukones-MBP" failures="0" tests="1" name="com.mystore.testcases.AddToCartPageTest" time="63.035" errors="0" timestamp="2022-06-27T14:34:35 CEST" skipped="0">
  <testcase classname="com.mystore.testcases.AddToCartPageTest" name="addToCartTest" time="63.035"/>
  <system-out/>
</testsuite> <!-- com.mystore.testcases.AddToCartPageTest -->
