<?xml version="1.0" encoding="UTF-8"?>
<!-- Generated by org.testng.reporters.JUnitReportReporter -->
<testsuite hostname="kyuukones-MBP" failures="0" tests="2" name="com.mystore.testcases.IndexPageTest" time="25.070" errors="0" timestamp="2022-06-27T11:43:58 CEST" skipped="0">
  <testcase classname="com.mystore.testcases.IndexPageTest" name="verifyLogo" time="12.572"/>
  <system-out/>
  <testcase classname="com.mystore.testcases.IndexPageTest" name="verifyTitle" time="12.498"/>
  <system-out/>
</testsuite> <!-- com.mystore.testcases.IndexPageTest -->
