<?xml version="1.0" encoding="UTF-8"?>
<!-- Generated by org.testng.reporters.JUnitReportReporter -->
<testsuite hostname="kyuukones-MBP" failures="0" tests="2" name="com.mystore.testcases.HomePageTest" time="38.510" errors="0" timestamp="2022-06-27T11:43:58 CEST" skipped="0">
  <testcase classname="com.mystore.testcases.HomePageTest" name="orderHistoryandDetailsTest" time="23.458"/>
  <system-out/>
  <testcase classname="com.mystore.testcases.HomePageTest" name="wishListTest" time="15.052"/>
  <system-out/>
</testsuite> <!-- com.mystore.testcases.HomePageTest -->
