<?xml version="1.0" encoding="UTF-8"?>
<!-- Generated by org.testng.reporters.JUnitReportReporter -->
<testsuite hostname="kyuukones-MBP" failures="0" tests="1" name="com.mystore.testcases.SearchResultPageTest" time="11.485" errors="0" timestamp="2022-06-27T11:43:58 CEST" skipped="0">
  <testcase classname="com.mystore.testcases.SearchResultPageTest" name="productAvailabilityTest" time="11.485"/>
  <system-out/>
</testsuite> <!-- com.mystore.testcases.SearchResultPageTest -->
